00:00:00.031411 main     VirtualBox XPCOM Server 6.1.6 r137129 linux.amd64 (Apr 15 2020 10:13:28) release log
00:00:00.031420 main     Log opened 2020-04-26T15:14:27.464370000Z
00:00:00.031422 main     Build Type: release
00:00:00.031432 main     OS Product: Linux
00:00:00.031435 main     OS Release: 5.6.6-arch1-1
00:00:00.031439 main     OS Version: #1 SMP PREEMPT Tue, 21 Apr 2020 10:35:16 +0000
00:00:00.031515 main     DMI Product Name: 80TV
00:00:00.031538 main     DMI Product Version: Lenovo ideapad 310-15IKB
00:00:00.031553 main     Firmware type: UEFI
00:00:00.034406 main     Secure Boot: Disabled
00:00:00.034540 main     Host RAM: 11882MB (11.6GB) total, 10709MB (10.4GB) available
00:00:00.034579 main     Executable: /usr/lib/virtualbox/VBoxSVC
00:00:00.034581 main     Process ID: 15224
00:00:00.034583 main     Package type: LINUX_64BITS_GENERIC (OSE)
00:00:00.040153 main     IPC socket path: /tmp/.vbox-riky-ipc/ipcd
00:00:00.193454 nspr-2   VirtualBox: object creation starts
00:00:00.193673 nspr-2   Home directory: '/home/riky/.config/VirtualBox'
00:00:00.234803 nspr-2   Loading settings file "/home/riky/.config/VirtualBox/VirtualBox.xml" with version "1.14-linux"
00:00:00.292621 nspr-2   Successfully initialised host USB using sysfs
00:00:00.323340 nspr-2   NetIfAdpCtlOut: VBoxNetAdpCtl: Error while retrieving link speed for wlp2s0: VBoxNetAdpCtl: ioctl failed: Operation not supported
00:00:00.325393 nspr-2   HostDnsMonitor: initializing
00:00:00.325898 nspr-2   NAT: resolv.conf: nameserver 192.168.1.1
00:00:00.325944 nspr-2   HostDnsMonitor: updating information
00:00:00.325989 nspr-2   HostDnsMonitor: old information
00:00:00.325996 nspr-2     no server entries
00:00:00.326003 nspr-2     no domain set
00:00:00.326008 nspr-2     no search string entries
00:00:00.326014 nspr-2   HostDnsMonitor: new information
00:00:00.326019 nspr-2     server 1: 192.168.1.1
00:00:00.326026 nspr-2     domain: station
00:00:00.326032 nspr-2     search string 1: station
00:00:00.335602 nspr-2   VD: VDInit finished with VINF_SUCCESS
00:00:00.367337 nspr-2   Loading settings file "/home/riky/VirtualBox VMs/VArch/VArch.vbox" with version "1.16-linux"
00:00:00.390234 nspr-2   Loading settings file "/home/riky/VirtualBox VMs/VBuntu/VBuntu.vbox" with version "1.16-linux"
00:00:00.394543 nspr-2   VirtualBox: object created
00:00:11.400655 nspr-4   Saving settings file "/home/riky/.config/VirtualBox/VirtualBox.xml" with version "1.14-linux"
00:06:12.077404 createBase Saving settings file "/home/riky/.config/VirtualBox/VirtualBox.xml" with version "1.14-linux"
00:06:13.051521 nspr-6   Saving settings file "/home/riky/VirtualBox VMs/Ubuntu/Ubuntu.vbox" with version "1.16-linux"
00:06:13.107248 nspr-4   Saving settings file "/home/riky/VirtualBox VMs/Ubuntu/Ubuntu.vbox" with version "1.16-linux"
00:06:13.153752 nspr-4   Saving settings file "/home/riky/.config/VirtualBox/VirtualBox.xml" with version "1.14-linux"
00:06:13.252703 nspr-6   Saving settings file "/home/riky/.config/VirtualBox/VirtualBox.xml" with version "1.14-linux"
00:06:13.346221 nspr-4   Saving settings file "/home/riky/VirtualBox VMs/Ubuntu/Ubuntu.vbox" with version "1.16-linux"
00:07:42.235640 nspr-4   NetIfAdpCtlOut: VBoxNetAdpCtl: Error while retrieving link speed for wlp2s0: VBoxNetAdpCtl: ioctl failed: Operation not supported
00:07:42.241626 nspr-3   NetIfAdpCtlOut: VBoxNetAdpCtl: Error while retrieving link speed for wlp2s0: VBoxNetAdpCtl: ioctl failed: Operation not supported
00:24:45.264001 nspr-2   Launched VM: 67157536 pid: 15800 (0x3db8) frontend: GUI/Qt name: Ubuntu
00:24:46.449557 nspr-5   ERROR [COM]: aRC=VBOX_E_OBJECT_NOT_FOUND (0x80bb0001) aIID={70401eef-c8e9-466b-9660-45cb3e9979e4} aComponent={ExtPackManagerWrap} aText={No extension pack by the name 'Oracle VM VirtualBox Extension Pack' was found}, preserve=false aResultDetail=0
00:24:46.511014 nspr-5   ERROR [COM]: aRC=VBOX_E_IPRT_ERROR (0x80bb0005) aIID={85632c68-b5bb-4316-a900-5eb28d3413df} aComponent={SessionMachine} aText={Saved screenshot data is not available (VERR_NOT_SUPPORTED)}, preserve=false aResultDetail=-37
00:24:46.582367 nspr-6   NetIfAdpCtlOut: VBoxNetAdpCtl: Error while retrieving link speed for wlp2s0: VBoxNetAdpCtl: ioctl failed: Operation not supported
00:25:10.605157 nspr-2   Saving settings file "/home/riky/.config/VirtualBox/VirtualBox.xml" with version "1.14-linux"
00:25:10.664671 nspr-2   Saving settings file "/home/riky/.config/VirtualBox/VirtualBox.xml" with version "1.14-linux"
00:25:18.914751 nspr-5   Saving settings file "/home/riky/.config/VirtualBox/VirtualBox.xml" with version "1.14-linux"
00:25:20.003154 nspr-2   Saving settings file "/home/riky/VirtualBox VMs/Ubuntu/Ubuntu.vbox" with version "1.16-linux"
00:28:49.690771 nspr-4   NetIfAdpCtlOut: VBoxNetAdpCtl: Error while retrieving link speed for wlp2s0: VBoxNetAdpCtl: ioctl failed: Operation not supported
00:28:49.697241 nspr-6   NetIfAdpCtlOut: VBoxNetAdpCtl: Error while retrieving link speed for wlp2s0: VBoxNetAdpCtl: ioctl failed: Operation not supported
00:53:29.690083 nspr-3   Saving settings file "/home/riky/VirtualBox VMs/Ubuntu/Ubuntu.vbox" with version "1.16-linux"
01:08:27.354735 nspr-5   Saving settings file "/home/riky/VirtualBox VMs/Ubuntu/Ubuntu.vbox" with version "1.16-linux"
01:08:27.524730 nspr-5   Saving settings file "/home/riky/VirtualBox VMs/Ubuntu/Ubuntu.vbox" with version "1.16-linux"
01:08:27.611237 nspr-4   Saving settings file "/home/riky/VirtualBox VMs/Ubuntu/Ubuntu.vbox" with version "1.16-linux"
01:08:45.551422 nspr-7   NetIfAdpCtlOut: VBoxNetAdpCtl: Error while retrieving link speed for wlp2s0: VBoxNetAdpCtl: ioctl failed: Operation not supported
01:08:45.557323 nspr-2   NetIfAdpCtlOut: VBoxNetAdpCtl: Error while retrieving link speed for wlp2s0: VBoxNetAdpCtl: ioctl failed: Operation not supported
01:11:05.141702 nspr-7   Saving settings file "/home/riky/VirtualBox VMs/Ubuntu/Ubuntu.vbox" with version "1.16-linux"
01:11:05.299611 nspr-3   Saving settings file "/home/riky/VirtualBox VMs/Ubuntu/Ubuntu.vbox" with version "1.16-linux"
01:11:09.784612 nspr-8   Launched VM: 18112 pid: 16191 (0x3f3f) frontend: GUI/Qt name: Ubuntu
01:11:12.048091 nspr-7   ERROR [COM]: aRC=VBOX_E_OBJECT_NOT_FOUND (0x80bb0001) aIID={70401eef-c8e9-466b-9660-45cb3e9979e4} aComponent={ExtPackManagerWrap} aText={No extension pack by the name 'Oracle VM VirtualBox Extension Pack' was found}, preserve=false aResultDetail=0
01:11:12.316286 nspr-3   ERROR [COM]: aRC=VBOX_E_IPRT_ERROR (0x80bb0005) aIID={85632c68-b5bb-4316-a900-5eb28d3413df} aComponent={SessionMachine} aText={Saved screenshot data is not available (VERR_NOT_SUPPORTED)}, preserve=false aResultDetail=-37
01:11:12.334320 nspr-5   NetIfAdpCtlOut: VBoxNetAdpCtl: Error while retrieving link speed for wlp2s0: VBoxNetAdpCtl: ioctl failed: Operation not supported
01:13:58.050841 nspr-2   NetIfAdpCtlOut: VBoxNetAdpCtl: Error while retrieving link speed for wlp2s0: VBoxNetAdpCtl: ioctl failed: Operation not supported
01:13:58.055231 nspr-2   NetIfAdpCtlOut: VBoxNetAdpCtl: Error while retrieving link speed for wlp2s0: VBoxNetAdpCtl: ioctl failed: Operation not supported
01:14:05.695106 nspr-7   Saving settings file "/home/riky/VirtualBox VMs/Ubuntu/Ubuntu.vbox" with version "1.16-linux"
01:14:06.492940 nspr-5   Saving settings file "/home/riky/VirtualBox VMs/Ubuntu/Ubuntu.vbox" with version "1.16-linux"
01:31:34.209080 nspr-6   NetIfAdpCtlOut: VBoxNetAdpCtl: Error while retrieving link speed for wlp2s0: VBoxNetAdpCtl: ioctl failed: Operation not supported
01:31:34.214899 nspr-6   NetIfAdpCtlOut: VBoxNetAdpCtl: Error while retrieving link speed for wlp2s0: VBoxNetAdpCtl: ioctl failed: Operation not supported
01:31:42.856646 nspr-7   Saving settings file "/home/riky/VirtualBox VMs/Ubuntu/Ubuntu.vbox" with version "1.16-linux"
01:32:09.389183 nspr-3   NetIfAdpCtlOut: VBoxNetAdpCtl: Error while retrieving link speed for wlp2s0: VBoxNetAdpCtl: ioctl failed: Operation not supported
01:32:09.395089 nspr-3   NetIfAdpCtlOut: VBoxNetAdpCtl: Error while retrieving link speed for wlp2s0: VBoxNetAdpCtl: ioctl failed: Operation not supported
01:32:58.046023 nspr-3   Saving settings file "/home/riky/VirtualBox VMs/Ubuntu/Ubuntu.vbox" with version "1.16-linux"
01:34:06.722453 nspr-6   NetIfAdpCtlOut: VBoxNetAdpCtl: Error while retrieving link speed for wlp2s0: VBoxNetAdpCtl: ioctl failed: Operation not supported
01:34:06.728102 nspr-6   NetIfAdpCtlOut: VBoxNetAdpCtl: Error while retrieving link speed for wlp2s0: VBoxNetAdpCtl: ioctl failed: Operation not supported
05:33:19.998860 nspr-8   Saving settings file "/home/riky/VirtualBox VMs/Ubuntu/Ubuntu.vbox" with version "1.16-linux"
05:33:20.118125 nspr-5   Saving settings file "/home/riky/VirtualBox VMs/Ubuntu/Ubuntu.vbox" with version "1.16-linux"
05:33:27.955921 nspr-5   Saving settings file "/home/riky/.config/VirtualBox/VirtualBox.xml" with version "1.14-linux"
05:33:28.982679 nspr-6   Saving settings file "/home/riky/.config/VirtualBox/VirtualBox.xml" with version "1.14-linux"
05:33:29.125663 nspr-7   Saving settings file "/home/riky/.config/VirtualBox/VirtualBox.xml" with version "1.14-linux"
05:33:29.213361 nspr-8   Saving settings file "/home/riky/.config/VirtualBox/VirtualBox.xml" with version "1.14-linux"
05:33:29.264161 nspr-2   Saving settings file "/home/riky/.config/VirtualBox/VirtualBox.xml" with version "1.14-linux"
05:33:29.314073 nspr-4   Saving settings file "/home/riky/.config/VirtualBox/VirtualBox.xml" with version "1.14-linux"
05:33:34.880430 main     VirtualBox: object deletion starts
05:33:34.880524 main     ERROR [COM]: aRC=VBOX_E_OBJECT_IN_USE (0x80bb000c) aIID={ad47ad09-787b-44ab-b343-a082a3f2dfb1} aComponent={MediumWrap} aText={Medium '/home/riky/VirtualBox VMs/VArch/Snapshots/{8c8f6629-2373-4f51-80be-6665a74576f0}.vdi' cannot be closed because it is still attached to 1 virtual machines}, preserve=false aResultDetail=0
05:33:34.880583 main     ERROR [COM]: aRC=VBOX_E_OBJECT_IN_USE (0x80bb000c) aIID={ad47ad09-787b-44ab-b343-a082a3f2dfb1} aComponent={MediumWrap} aText={Medium '/home/riky/VirtualBox VMs/VArch/Snapshots/{f84dde7d-8734-4a1c-aa4c-ada1fed8b7f7}.vdi' cannot be closed because it is still attached to 1 virtual machines}, preserve=false aResultDetail=0
05:33:34.880610 main     ERROR [COM]: aRC=VBOX_E_OBJECT_IN_USE (0x80bb000c) aIID={ad47ad09-787b-44ab-b343-a082a3f2dfb1} aComponent={MediumWrap} aText={Medium '/home/riky/VirtualBox VMs/VArch/Snapshots/{74788709-a782-4b8f-b599-0eafb55148ed}.vdi' cannot be closed because it is still attached to 1 virtual machines}, preserve=false aResultDetail=0
05:33:34.880632 main     ERROR [COM]: aRC=VBOX_E_OBJECT_IN_USE (0x80bb000c) aIID={ad47ad09-787b-44ab-b343-a082a3f2dfb1} aComponent={MediumWrap} aText={Medium '/home/riky/VirtualBox VMs/VArch/Snapshots/{6b764b09-4f90-47b0-b431-1951162afa0a}.vdi' cannot be closed because it is still attached to 1 virtual machines}, preserve=false aResultDetail=0
05:33:34.880652 main     ERROR [COM]: aRC=VBOX_E_OBJECT_IN_USE (0x80bb000c) aIID={ad47ad09-787b-44ab-b343-a082a3f2dfb1} aComponent={MediumWrap} aText={Medium '/home/riky/VirtualBox VMs/VArch/VArch.vdi' cannot be closed because it is still attached to 1 virtual machines}, preserve=false aResultDetail=0
05:33:34.881493 main     ERROR [COM]: aRC=VBOX_E_OBJECT_IN_USE (0x80bb000c) aIID={ad47ad09-787b-44ab-b343-a082a3f2dfb1} aComponent={MediumWrap} aText={Medium '/home/riky/VirtualBox VMs/Ubuntu/Ubuntu.vdi' cannot be closed because it is still attached to 1 virtual machines}, preserve=false aResultDetail=0
05:33:34.882229 main     HostDnsMonitor: shutting down ...
05:33:34.895918 main     HostDnsMonitor: shut down
05:33:35.009688 Watcher  ERROR [COM]: aRC=E_ACCESSDENIED (0x80070005) aIID={d0a0163f-e254-4e5b-a1f2-011cf991c38d} aComponent={VirtualBoxWrap} aText={The object is not ready}, preserve=false aResultDetail=0
05:33:39.909289 main     {00007fd50401a280} HostPowerServiceLinux::~HostPowerServiceLinux: RTThreadWait() for 5000 ms failed with VERR_TIMEOUT
05:33:39.909910 main     VirtualBox: object deleted
