Looking for git in: git
Using git 2.25.0 from git
> git rev-parse --show-toplevel
> git rev-parse --git-dir
Open repository: /home/riky/Documents/Git/ErreKappa1/Apa
> git status -z -u
> git symbolic-ref --short HEAD
> git rev-parse master
> git rev-parse --symbolic-full-name master@{u}
> git rev-list --left-right master...refs/remotes/origin/master
> git for-each-ref --format %(refname) %(objectname) --sort -committerdate
> git remote --verbose
> git config --get commit.template
> git check-ignore -v -z --stdin
> git show :Programmazione/Laboratori/Lab_11/Es_1/Es_1.c
> git show :Programmazione/Laboratori/Lab_11/Es_1/F1.txt
> git show :Programmazione/Laboratori/Lab_11/Es_1/Es_1.c
> git check-ignore -v -z --stdin
> git show HEAD:Programmazione/Laboratori/Lab_11/Es_1/Vim/dual.vim
> git show :Programmazione/Laboratori/Lab_11/Es_1/Es_1.c
> git show :Programmazione/Laboratori/Lab_11/Es_1/Es_1.c
> git show :Programmazione/Laboratori/Lab_11/Es_1/F1.txt
> git show :Programmazione/Laboratori/Lab_11/Es_1/F2.txt
> git show :Programmazione/Laboratori/Lab_11/Es_1/F3.txt
> git show :Programmazione/Laboratori/Lab_11/Es_1/gmake.sh
> git show :Programmazione/Laboratori/Lab_11/Es_1/keldeo.c
> git show :Programmazione/Laboratori/Lab_11/Es_1/keldeo.h
> git show :Programmazione/Laboratori/Lab_11/Es_1/Makefile
> git show :Programmazione/Laboratori/Lab_11/Es_1/Es_1.c
