Looking for git in: git
Using git 2.25.0 from git
> git rev-parse --show-toplevel
> git rev-parse --git-dir
Open repository: /home/riky/Documents/Apa
> git status -z -u
> git symbolic-ref --short HEAD
> git rev-parse master
> git rev-parse --symbolic-full-name master@{u}
> git rev-list --left-right master...refs/remotes/origin/master
> git check-ignore -v -z --stdin
> git for-each-ref --format %(refname) %(objectname) --sort -committerdate
> git remote --verbose
> git config --get commit.template
> git show :Programmazione/Laboratori/Lab_5/Es_3/Es_3.c
> git show :Programmazione/Laboratori/Lab_5/Es_3/regice.c
> git show :Programmazione/Laboratori/Lab_5/Es_3/regice.h
> git show :Programmazione/Laboratori/Lab_5/Es_3/regigigas.c
> git show :Programmazione/Laboratori/Lab_5/Es_3/regigigas.h
> git show :Programmazione/Laboratori/Lab_5/Es_3/registeel.c
> git show :Programmazione/Laboratori/Lab_5/Es_3/registeel.h
> git show :Programmazione/Laboratori/Lab_5/Es_3/Es_3.c
> git check-ignore -v -z --stdin
> git show :Programmazione/Laboratori/Lab_5/Es_3/regice.c
> git show :Programmazione/Laboratori/Lab_5/Es_3/Es_3.c
> git show :Programmazione/Laboratori/Lab_5/Es_3/regice.c
> git show :Programmazione/Laboratori/Lab_5/Es_3/regice.c
> git show :Programmazione/Laboratori/Lab_5/Es_3/registeel.h
> git show :Programmazione/Laboratori/Lab_5/Es_3/Es_3.c
> git show :Programmazione/Laboratori/Lab_5/Es_3/regice.c
> git check-ignore -v -z --stdin
> git status -z -u
> git symbolic-ref --short HEAD
> git rev-parse master
> git rev-parse --symbolic-full-name master@{u}
> git rev-list --left-right master...refs/remotes/origin/master
> git for-each-ref --format %(refname) %(objectname) --sort -committerdate
> git remote --verbose
> git config --get commit.template
> git show :Programmazione/Laboratori/Lab_5/Es_3/Es_3.c
> git status -z -u
> git check-ignore -v -z --stdin
> git symbolic-ref --short HEAD
> git rev-parse master
> git rev-parse --symbolic-full-name master@{u}
> git rev-list --left-right master...refs/remotes/origin/master
> git for-each-ref --format %(refname) %(objectname) --sort -committerdate
> git remote --verbose
> git config --get commit.template
> git show :Programmazione/Laboratori/Lab_5/Es_3/a.out
> git show :Programmazione/Laboratori/Lab_5/Es_3/Es_3.c
> git show :Programmazione/Laboratori/Lab_5/Es_3/Es_3.c
> git status -z -u
> git symbolic-ref --short HEAD
> git rev-parse master
> git rev-parse --symbolic-full-name master@{u}
> git rev-list --left-right master...refs/remotes/origin/master
> git for-each-ref --format %(refname) %(objectname) --sort -committerdate
> git remote --verbose
> git config --get commit.template
> git status -z -u
> git symbolic-ref --short HEAD
> git rev-parse master
> git rev-parse --symbolic-full-name master@{u}
> git rev-list --left-right master...refs/remotes/origin/master
> git for-each-ref --format %(refname) %(objectname) --sort -committerdate
> git remote --verbose
> git config --get commit.template
> git check-ignore -v -z --stdin
> git status -z -u
> git symbolic-ref --short HEAD
> git rev-parse master
> git rev-parse --symbolic-full-name master@{u}
> git rev-list --left-right master...refs/remotes/origin/master
> git for-each-ref --format %(refname) %(objectname) --sort -committerdate
> git remote --verbose
> git config --get commit.template
