Error compiling: 
/usr/bin/ld: /usr/lib/gcc/x86_64-pc-linux-gnu/9.2.0/../../../../lib/Scrt1.o: in function `_start':
(.text+0x24): undefined reference to `main'
collect2: error: ld returned 1 exit status

/home/riky/Documents/Apa/Programmazione/Laboratori/Lab_5/Es_3/Es_3.c: In function ‘main’:
/home/riky/Documents/Apa/Programmazione/Laboratori/Lab_5/Es_3/Es_3.c:17:20: warning: passing argument 2 of ‘loadFile’ from incompatible pointer type [-Wincompatible-pointer-types]
   17 |  nc=loadFile(&row, "corse.txt", 1);//calling a function that read the file and allocate the database, return -1 if
      |                    ^~~~~~~~~~~
      |                    |
      |                    char *
In file included from /home/riky/Documents/Apa/Programmazione/Laboratori/Lab_5/Es_3/Es_3.c:6:
/home/riky/Documents/Apa/Programmazione/Laboratori/Lab_5/Es_3/registeel.h:4:30: note: expected ‘char **’ but argument is of type ‘char *’
    4 | int loadFile(Row **db, char *fileName[], int flag);
      |                        ~~~~~~^~~~~~~~~~
/home/riky/Documents/Apa/Programmazione/Laboratori/Lab_5/Es_3/Es_3.c:128:23: warning: passing argument 2 of ‘loadFile’ from incompatible pointer type [-Wincompatible-pointer-types]
  128 |     nc=loadFile(&row, fileName, 0);
      |                       ^~~~~~~~
      |                       |
      |                       char *
In file included from /home/riky/Documents/Apa/Programmazione/Laboratori/Lab_5/Es_3/Es_3.c:6:
/home/riky/Documents/Apa/Programmazione/Laboratori/Lab_5/Es_3/registeel.h:4:30: note: expected ‘char **’ but argument is of type ‘char *’
    4 | int loadFile(Row **db, char *fileName[], int flag);
      |                        ~~~~~~^~~~~~~~~~
/home/riky/Documents/Apa/Programmazione/Laboratori/Lab_5/Es_3/registeel.c: In function ‘loadFile’:
/home/riky/Documents/Apa/Programmazione/Laboratori/Lab_5/Es_3/registeel.c:16:11: warning: passing argument 1 of ‘fopen’ from incompatible pointer type [-Wincompatible-pointer-types]
   16 |  fp=fopen(fileName,"r");//file opening
      |           ^~~~~~~~
      |           |
      |           char **
In file included from /home/riky/Documents/Apa/Programmazione/Laboratori/Lab_5/Es_3/registeel.c:2:
/usr/include/stdio.h:246:14: note: expected ‘const char * restrict’ but argument is of type ‘char **’
  246 | extern FILE *fopen (const char *__restrict __filename,
      |              ^~~~~

Error compiling: 
/home/riky/Documents/Apa/Programmazione/Laboratori/Lab_5/Es_3/Es_3.c: In function ‘main’:
/home/riky/Documents/Apa/Programmazione/Laboratori/Lab_5/Es_3/Es_3.c:17:20: warning: passing argument 2 of ‘loadFile’ from incompatible pointer type [-Wincompatible-pointer-types]
   17 |  nc=loadFile(&row, "corse.txt", 1);//calling a function that read the file and allocate the database, return -1 if
      |                    ^~~~~~~~~~~
      |                    |
      |                    char *
In file included from /home/riky/Documents/Apa/Programmazione/Laboratori/Lab_5/Es_3/Es_3.c:6:
/home/riky/Documents/Apa/Programmazione/Laboratori/Lab_5/Es_3/registeel.h:4:30: note: expected ‘char **’ but argument is of type ‘char *’
    4 | int loadFile(Row **db, char *fileName[], int flag);
      |                        ~~~~~~^~~~~~~~~~
/home/riky/Documents/Apa/Programmazione/Laboratori/Lab_5/Es_3/Es_3.c:128:23: warning: passing argument 2 of ‘loadFile’ from incompatible pointer type [-Wincompatible-pointer-types]
  128 |     nc=loadFile(&row, fileName, 0);
      |                       ^~~~~~~~
      |                       |
      |                       char *
In file included from /home/riky/Documents/Apa/Programmazione/Laboratori/Lab_5/Es_3/Es_3.c:6:
/home/riky/Documents/Apa/Programmazione/Laboratori/Lab_5/Es_3/registeel.h:4:30: note: expected ‘char **’ but argument is of type ‘char *’
    4 | int loadFile(Row **db, char *fileName[], int flag);
      |                        ~~~~~~^~~~~~~~~~
/usr/bin/ld: cannot open output file .dist/a.out: No such file or directory
collect2: error: ld returned 1 exit status

